<?xml version="1.0" encoding="UTF-8"?>
<coverage generated="1602771975128" clover="3.2.0">
  <project timestamp="1602771975128" name="All files">
    <metrics statements="73" coveredstatements="68" conditionals="43" coveredconditionals="27" methods="38" coveredmethods="27" elements="154" coveredelements="122" complexity="0" loc="73" ncloc="73" packages="2" files="5" classes="5"/>
    <package name="src">
      <metrics statements="44" coveredstatements="43" conditionals="12" coveredconditionals="7" methods="13" coveredmethods="13"/>
      <file name="state.js" path="C:\Users\aurasjobs\Desktop\Microverse\microverse-js-todolist\src\state.js">
        <metrics statements="44" coveredstatements="43" conditionals="12" coveredconditionals="7" methods="13" coveredmethods="13"/>
        <line num="3" count="1" type="stmt"/>
        <line num="4" count="2" type="cond" truecount="2" falsecount="0"/>
        <line num="16" count="2" type="stmt"/>
        <line num="19" count="1" type="stmt"/>
        <line num="20" count="3" type="stmt"/>
        <line num="22" count="6" type="cond" truecount="1" falsecount="1"/>
        <line num="23" count="0" type="stmt"/>
        <line num="29" count="3" type="stmt"/>
        <line num="31" count="3" type="stmt"/>
        <line num="34" count="1" type="stmt"/>
        <line num="35" count="5" type="stmt"/>
        <line num="36" count="5" type="stmt"/>
        <line num="42" count="5" type="stmt"/>
        <line num="43" count="5" type="cond" truecount="1" falsecount="1"/>
        <line num="44" count="5" type="stmt"/>
        <line num="46" count="5" type="stmt"/>
        <line num="49" count="5" type="stmt"/>
        <line num="51" count="5" type="stmt"/>
        <line num="54" count="1" type="stmt"/>
        <line num="55" count="3" type="stmt"/>
        <line num="57" count="3" type="stmt"/>
        <line num="58" count="3" type="cond" truecount="1" falsecount="1"/>
        <line num="59" count="3" type="stmt"/>
        <line num="61" count="3" type="stmt"/>
        <line num="64" count="3" type="stmt"/>
        <line num="66" count="3" type="stmt"/>
        <line num="69" count="1" type="stmt"/>
        <line num="70" count="3" type="stmt"/>
        <line num="72" count="3" type="stmt"/>
        <line num="73" count="3" type="stmt"/>
        <line num="74" count="3" type="stmt"/>
        <line num="75" count="3" type="cond" truecount="1" falsecount="1"/>
        <line num="76" count="3" type="stmt"/>
        <line num="78" count="3" type="stmt"/>
        <line num="81" count="3" type="stmt"/>
        <line num="83" count="3" type="stmt"/>
        <line num="86" count="1" type="stmt"/>
        <line num="87" count="6" type="stmt"/>
        <line num="89" count="6" type="stmt"/>
        <line num="90" count="6" type="cond" truecount="1" falsecount="1"/>
        <line num="91" count="6" type="stmt"/>
        <line num="93" count="6" type="stmt"/>
        <line num="96" count="6" type="stmt"/>
        <line num="98" count="6" type="stmt"/>
      </file>
    </package>
    <package name="src.view_helpers">
      <metrics statements="29" coveredstatements="25" conditionals="31" coveredconditionals="20" methods="25" coveredmethods="14"/>
      <file name="aside.js" path="C:\Users\aurasjobs\Desktop\Microverse\microverse-js-todolist\src\view_helpers\aside.js">
        <metrics statements="6" coveredstatements="6" conditionals="6" coveredconditionals="4" methods="9" coveredmethods="7"/>
        <line num="3" count="3" type="cond" truecount="1" falsecount="0"/>
        <line num="4" count="3" type="cond" truecount="1" falsecount="0"/>
        <line num="5" count="2" type="cond" truecount="0" falsecount="1"/>
        <line num="6" count="6" type="stmt"/>
        <line num="8" count="2" type="cond" truecount="2" falsecount="0"/>
        <line num="10" count="1" type="cond" truecount="0" falsecount="1"/>
      </file>
      <file name="main.js" path="C:\Users\aurasjobs\Desktop\Microverse\microverse-js-todolist\src\view_helpers\main.js">
        <metrics statements="12" coveredstatements="8" conditionals="6" coveredconditionals="2" methods="9" coveredmethods="1"/>
        <line num="3" count="1" type="stmt"/>
        <line num="4" count="0" type="stmt"/>
        <line num="6" count="0" type="stmt"/>
        <line num="9" count="1" type="stmt"/>
        <line num="11" count="0" type="stmt"/>
        <line num="15" count="0" type="stmt"/>
        <line num="18" count="1" type="cond" truecount="0" falsecount="2"/>
        <line num="22" count="1" type="stmt"/>
        <line num="23" count="2" type="cond" truecount="2" falsecount="0"/>
        <line num="24" count="1" type="stmt"/>
        <line num="26" count="1" type="stmt"/>
        <line num="29" count="1" type="cond" truecount="0" falsecount="2"/>
      </file>
      <file name="todoItem.js" path="C:\Users\aurasjobs\Desktop\Microverse\microverse-js-todolist\src\view_helpers\todoItem.js">
        <metrics statements="6" coveredstatements="6" conditionals="6" coveredconditionals="3" methods="2" coveredmethods="1"/>
        <line num="3" count="1" type="cond" truecount="0" falsecount="2"/>
        <line num="5" count="1" type="stmt"/>
        <line num="6" count="3" type="cond" truecount="2" falsecount="0"/>
        <line num="7" count="2" type="stmt"/>
        <line num="8" count="1" type="cond" truecount="1" falsecount="1"/>
        <line num="9" count="1" type="stmt"/>
      </file>
      <file name="utils.js" path="C:\Users\aurasjobs\Desktop\Microverse\microverse-js-todolist\src\view_helpers\utils.js">
        <metrics statements="5" coveredstatements="5" conditionals="13" coveredconditionals="11" methods="5" coveredmethods="5"/>
        <line num="3" count="2" type="cond" truecount="3" falsecount="0"/>
        <line num="7" count="2" type="cond" truecount="2" falsecount="1"/>
        <line num="8" count="2" type="cond" truecount="2" falsecount="1"/>
        <line num="10" count="2" type="cond" truecount="2" falsecount="0"/>
        <line num="12" count="2" type="cond" truecount="2" falsecount="0"/>
      </file>
    </package>
  </project>
</coverage>
