{"C:\\Users\\aurasjobs\\Desktop\\Microverse\\microverse-js-todolist\\src\\state.js": {"path":"C:\\Users\\aurasjobs\\Desktop\\Microverse\\microverse-js-todolist\\src\\state.js","statementMap":{"0":{"start":{"line":3,"column":24},"end":{"line":17,"column":1}},"1":{"start":{"line":4,"column":16},"end":{"line":14,"column":47}},"2":{"start":{"line":16,"column":2},"end":{"line":16,"column":15}},"3":{"start":{"line":19,"column":16},"end":{"line":32,"column":1}},"4":{"start":{"line":20,"column":19},"end":{"line":20,"column":24}},"5":{"start":{"line":22,"column":2},"end":{"line":27,"column":3}},"6":{"start":{"line":22,"column":32},"end":{"line":22,"column":62}},"7":{"start":{"line":23,"column":4},"end":{"line":26,"column":7}},"8":{"start":{"line":29,"column":2},"end":{"line":29,"column":58}},"9":{"start":{"line":31,"column":2},"end":{"line":31,"column":18}},"10":{"start":{"line":34,"column":16},"end":{"line":52,"column":1}},"11":{"start":{"line":35,"column":19},"end":{"line":35,"column":24}},"12":{"start":{"line":36,"column":2},"end":{"line":41,"column":5}},"13":{"start":{"line":42,"column":2},"end":{"line":47,"column":5}},"14":{"start":{"line":43,"column":4},"end":{"line":45,"column":5}},"15":{"start":{"line":44,"column":6},"end":{"line":44,"column":20}},"16":{"start":{"line":46,"column":4},"end":{"line":46,"column":14}},"17":{"start":{"line":49,"column":2},"end":{"line":49,"column":58}},"18":{"start":{"line":51,"column":2},"end":{"line":51,"column":18}},"19":{"start":{"line":54,"column":21},"end":{"line":67,"column":1}},"20":{"start":{"line":55,"column":19},"end":{"line":55,"column":24}},"21":{"start":{"line":57,"column":2},"end":{"line":62,"column":5}},"22":{"start":{"line":58,"column":4},"end":{"line":60,"column":5}},"23":{"start":{"line":59,"column":6},"end":{"line":59,"column":41}},"24":{"start":{"line":61,"column":4},"end":{"line":61,"column":16}},"25":{"start":{"line":64,"column":2},"end":{"line":64,"column":58}},"26":{"start":{"line":66,"column":2},"end":{"line":66,"column":18}},"27":{"start":{"line":69,"column":19},"end":{"line":84,"column":1}},"28":{"start":{"line":70,"column":19},"end":{"line":70,"column":24}},"29":{"start":{"line":72,"column":15},"end":{"line":72,"column":60}},"30":{"start":{"line":72,"column":45},"end":{"line":72,"column":59}},"31":{"start":{"line":73,"column":2},"end":{"line":73,"column":63}},"32":{"start":{"line":73,"column":49},"end":{"line":73,"column":61}},"33":{"start":{"line":74,"column":2},"end":{"line":79,"column":5}},"34":{"start":{"line":75,"column":4},"end":{"line":77,"column":5}},"35":{"start":{"line":76,"column":6},"end":{"line":76,"column":22}},"36":{"start":{"line":78,"column":4},"end":{"line":78,"column":16}},"37":{"start":{"line":81,"column":2},"end":{"line":81,"column":58}},"38":{"start":{"line":83,"column":2},"end":{"line":83,"column":18}},"39":{"start":{"line":86,"column":22},"end":{"line":99,"column":1}},"40":{"start":{"line":87,"column":19},"end":{"line":87,"column":24}},"41":{"start":{"line":89,"column":2},"end":{"line":94,"column":5}},"42":{"start":{"line":90,"column":4},"end":{"line":92,"column":5}},"43":{"start":{"line":91,"column":6},"end":{"line":91,"column":26}},"44":{"start":{"line":93,"column":4},"end":{"line":93,"column":16}},"45":{"start":{"line":96,"column":2},"end":{"line":96,"column":58}},"46":{"start":{"line":98,"column":2},"end":{"line":98,"column":18}}},"fnMap":{"0":{"name":"(anonymous_0)","decl":{"start":{"line":3,"column":24},"end":{"line":3,"column":25}},"loc":{"start":{"line":3,"column":30},"end":{"line":17,"column":1}},"line":3},"1":{"name":"(anonymous_1)","decl":{"start":{"line":19,"column":16},"end":{"line":19,"column":17}},"loc":{"start":{"line":19,"column":33},"end":{"line":32,"column":1}},"line":19},"2":{"name":"(anonymous_2)","decl":{"start":{"line":22,"column":24},"end":{"line":22,"column":25}},"loc":{"start":{"line":22,"column":32},"end":{"line":22,"column":62}},"line":22},"3":{"name":"(anonymous_3)","decl":{"start":{"line":34,"column":16},"end":{"line":34,"column":17}},"loc":{"start":{"line":34,"column":43},"end":{"line":52,"column":1}},"line":34},"4":{"name":"(anonymous_4)","decl":{"start":{"line":42,"column":21},"end":{"line":42,"column":22}},"loc":{"start":{"line":42,"column":29},"end":{"line":47,"column":3}},"line":42},"5":{"name":"(anonymous_5)","decl":{"start":{"line":54,"column":21},"end":{"line":54,"column":22}},"loc":{"start":{"line":54,"column":36},"end":{"line":67,"column":1}},"line":54},"6":{"name":"(anonymous_6)","decl":{"start":{"line":57,"column":21},"end":{"line":57,"column":22}},"loc":{"start":{"line":57,"column":31},"end":{"line":62,"column":3}},"line":57},"7":{"name":"(anonymous_7)","decl":{"start":{"line":69,"column":19},"end":{"line":69,"column":20}},"loc":{"start":{"line":69,"column":34},"end":{"line":84,"column":1}},"line":69},"8":{"name":"(anonymous_8)","decl":{"start":{"line":72,"column":35},"end":{"line":72,"column":36}},"loc":{"start":{"line":72,"column":45},"end":{"line":72,"column":59}},"line":72},"9":{"name":"(anonymous_9)","decl":{"start":{"line":73,"column":41},"end":{"line":73,"column":42}},"loc":{"start":{"line":73,"column":49},"end":{"line":73,"column":61}},"line":73},"10":{"name":"(anonymous_10)","decl":{"start":{"line":74,"column":21},"end":{"line":74,"column":22}},"loc":{"start":{"line":74,"column":31},"end":{"line":79,"column":3}},"line":74},"11":{"name":"(anonymous_11)","decl":{"start":{"line":86,"column":22},"end":{"line":86,"column":23}},"loc":{"start":{"line":86,"column":51},"end":{"line":99,"column":1}},"line":86},"12":{"name":"(anonymous_12)","decl":{"start":{"line":89,"column":21},"end":{"line":89,"column":22}},"loc":{"start":{"line":89,"column":31},"end":{"line":94,"column":3}},"line":89}},"branchMap":{"0":{"loc":{"start":{"line":4,"column":16},"end":{"line":14,"column":47}},"type":"cond-expr","locations":[{"start":{"line":5,"column":6},"end":{"line":13,"column":5}},{"start":{"line":14,"column":6},"end":{"line":14,"column":47}}],"line":4},"1":{"loc":{"start":{"line":22,"column":2},"end":{"line":27,"column":3}},"type":"if","locations":[{"start":{"line":22,"column":2},"end":{"line":27,"column":3}},{"start":{"line":22,"column":2},"end":{"line":27,"column":3}}],"line":22},"2":{"loc":{"start":{"line":43,"column":4},"end":{"line":45,"column":5}},"type":"if","locations":[{"start":{"line":43,"column":4},"end":{"line":45,"column":5}},{"start":{"line":43,"column":4},"end":{"line":45,"column":5}}],"line":43},"3":{"loc":{"start":{"line":58,"column":4},"end":{"line":60,"column":5}},"type":"if","locations":[{"start":{"line":58,"column":4},"end":{"line":60,"column":5}},{"start":{"line":58,"column":4},"end":{"line":60,"column":5}}],"line":58},"4":{"loc":{"start":{"line":75,"column":4},"end":{"line":77,"column":5}},"type":"if","locations":[{"start":{"line":75,"column":4},"end":{"line":77,"column":5}},{"start":{"line":75,"column":4},"end":{"line":77,"column":5}}],"line":75},"5":{"loc":{"start":{"line":90,"column":4},"end":{"line":92,"column":5}},"type":"if","locations":[{"start":{"line":90,"column":4},"end":{"line":92,"column":5}},{"start":{"line":90,"column":4},"end":{"line":92,"column":5}}],"line":90}},"s":{"0":1,"1":2,"2":2,"3":1,"4":3,"5":3,"6":6,"7":0,"8":3,"9":3,"10":1,"11":5,"12":5,"13":5,"14":5,"15":5,"16":5,"17":5,"18":5,"19":1,"20":3,"21":3,"22":3,"23":3,"24":3,"25":3,"26":3,"27":1,"28":3,"29":3,"30":3,"31":3,"32":3,"33":3,"34":3,"35":3,"36":3,"37":3,"38":3,"39":1,"40":6,"41":6,"42":6,"43":6,"44":6,"45":6,"46":6},"f":{"0":2,"1":3,"2":6,"3":5,"4":5,"5":3,"6":3,"7":3,"8":3,"9":3,"10":3,"11":6,"12":6},"b":{"0":[1,1],"1":[0,3],"2":[5,0],"3":[3,0],"4":[3,0],"5":[6,0]},"_coverageSchema":"1a1c01bbd47fc00a2c39e90264f33305004495a9","hash":"27d22efacd709f382d5038bbe8a985b07beaa5fd"}
,"C:\\Users\\aurasjobs\\Desktop\\Microverse\\microverse-js-todolist\\src\\view_helpers\\aside.js": {"path":"C:\\Users\\aurasjobs\\Desktop\\Microverse\\microverse-js-todolist\\src\\view_helpers\\aside.js","statementMap":{"0":{"start":{"line":3,"column":19},"end":{"line":3,"column":83}},"1":{"start":{"line":3,"column":35},"end":{"line":3,"column":83}},"2":{"start":{"line":3,"column":61},"end":{"line":3,"column":82}},"3":{"start":{"line":4,"column":25},"end":{"line":4,"column":96}},"4":{"start":{"line":4,"column":41},"end":{"line":4,"column":96}},"5":{"start":{"line":4,"column":67},"end":{"line":4,"column":88}},"6":{"start":{"line":5,"column":20},"end":{"line":7,"column":8}},"7":{"start":{"line":5,"column":36},"end":{"line":7,"column":8}},"8":{"start":{"line":6,"column":12},"end":{"line":6,"column":86}},"9":{"start":{"line":8,"column":23},"end":{"line":8,"column":81}},"10":{"start":{"line":8,"column":40},"end":{"line":8,"column":80}},"11":{"start":{"line":10,"column":19},"end":{"line":10,"column":117}},"12":{"start":{"line":10,"column":60},"end":{"line":10,"column":117}},"13":{"start":{"line":10,"column":83},"end":{"line":10,"column":107}}},"fnMap":{"0":{"name":"(anonymous_0)","decl":{"start":{"line":3,"column":19},"end":{"line":3,"column":20}},"loc":{"start":{"line":3,"column":35},"end":{"line":3,"column":83}},"line":3},"1":{"name":"(anonymous_1)","decl":{"start":{"line":3,"column":53},"end":{"line":3,"column":54}},"loc":{"start":{"line":3,"column":61},"end":{"line":3,"column":82}},"line":3},"2":{"name":"(anonymous_2)","decl":{"start":{"line":4,"column":25},"end":{"line":4,"column":26}},"loc":{"start":{"line":4,"column":41},"end":{"line":4,"column":96}},"line":4},"3":{"name":"(anonymous_3)","decl":{"start":{"line":4,"column":59},"end":{"line":4,"column":60}},"loc":{"start":{"line":4,"column":67},"end":{"line":4,"column":88}},"line":4},"4":{"name":"(anonymous_4)","decl":{"start":{"line":5,"column":20},"end":{"line":5,"column":21}},"loc":{"start":{"line":5,"column":36},"end":{"line":7,"column":8}},"line":5},"5":{"name":"(anonymous_5)","decl":{"start":{"line":6,"column":2},"end":{"line":6,"column":3}},"loc":{"start":{"line":6,"column":12},"end":{"line":6,"column":86}},"line":6},"6":{"name":"(anonymous_6)","decl":{"start":{"line":8,"column":23},"end":{"line":8,"column":24}},"loc":{"start":{"line":8,"column":40},"end":{"line":8,"column":80}},"line":8},"7":{"name":"(anonymous_7)","decl":{"start":{"line":10,"column":19},"end":{"line":10,"column":20}},"loc":{"start":{"line":10,"column":60},"end":{"line":10,"column":117}},"line":10},"8":{"name":"(anonymous_8)","decl":{"start":{"line":10,"column":75},"end":{"line":10,"column":76}},"loc":{"start":{"line":10,"column":83},"end":{"line":10,"column":107}},"line":10}},"branchMap":{"0":{"loc":{"start":{"line":3,"column":20},"end":{"line":3,"column":30}},"type":"default-arg","locations":[{"start":{"line":3,"column":28},"end":{"line":3,"column":30}}],"line":3},"1":{"loc":{"start":{"line":4,"column":26},"end":{"line":4,"column":36}},"type":"default-arg","locations":[{"start":{"line":4,"column":34},"end":{"line":4,"column":36}}],"line":4},"2":{"loc":{"start":{"line":5,"column":21},"end":{"line":5,"column":31}},"type":"default-arg","locations":[{"start":{"line":5,"column":29},"end":{"line":5,"column":31}}],"line":5},"3":{"loc":{"start":{"line":8,"column":40},"end":{"line":8,"column":80}},"type":"cond-expr","locations":[{"start":{"line":8,"column":67},"end":{"line":8,"column":75}},{"start":{"line":8,"column":78},"end":{"line":8,"column":80}}],"line":8},"4":{"loc":{"start":{"line":10,"column":33},"end":{"line":10,"column":55}},"type":"default-arg","locations":[{"start":{"line":10,"column":50},"end":{"line":10,"column":55}}],"line":10}},"s":{"0":1,"1":2,"2":3,"3":1,"4":2,"5":3,"6":1,"7":2,"8":6,"9":1,"10":2,"11":1,"12":0,"13":0},"f":{"0":2,"1":3,"2":2,"3":3,"4":2,"5":6,"6":2,"7":0,"8":0},"b":{"0":[1],"1":[1],"2":[0],"3":[1,1],"4":[0]},"_coverageSchema":"1a1c01bbd47fc00a2c39e90264f33305004495a9","hash":"38586edfae7bd85be3801092bd20877b9a1d70f0"}
,"C:\\Users\\aurasjobs\\Desktop\\Microverse\\microverse-js-todolist\\src\\view_helpers\\main.js": {"path":"C:\\Users\\aurasjobs\\Desktop\\Microverse\\microverse-js-todolist\\src\\view_helpers\\main.js","statementMap":{"0":{"start":{"line":3,"column":18},"end":{"line":7,"column":11}},"1":{"start":{"line":3,"column":47},"end":{"line":7,"column":11}},"2":{"start":{"line":4,"column":18},"end":{"line":4,"column":40}},"3":{"start":{"line":6,"column":17},"end":{"line":6,"column":39}},"4":{"start":{"line":9,"column":20},"end":{"line":16,"column":11}},"5":{"start":{"line":9,"column":49},"end":{"line":16,"column":11}},"6":{"start":{"line":11,"column":14},"end":{"line":12,"column":40}},"7":{"start":{"line":15,"column":17},"end":{"line":15,"column":39}},"8":{"start":{"line":18,"column":21},"end":{"line":20,"column":39}},"9":{"start":{"line":18,"column":51},"end":{"line":20,"column":38}},"10":{"start":{"line":22,"column":18},"end":{"line":27,"column":1}},"11":{"start":{"line":23,"column":2},"end":{"line":25,"column":3}},"12":{"start":{"line":24,"column":4},"end":{"line":24,"column":46}},"13":{"start":{"line":26,"column":2},"end":{"line":26,"column":41}},"14":{"start":{"line":29,"column":18},"end":{"line":29,"column":105}},"15":{"start":{"line":29,"column":54},"end":{"line":29,"column":104}}},"fnMap":{"0":{"name":"(anonymous_0)","decl":{"start":{"line":3,"column":18},"end":{"line":3,"column":19}},"loc":{"start":{"line":3,"column":47},"end":{"line":7,"column":11}},"line":3},"1":{"name":"(anonymous_1)","decl":{"start":{"line":4,"column":10},"end":{"line":4,"column":11}},"loc":{"start":{"line":4,"column":18},"end":{"line":4,"column":40}},"line":4},"2":{"name":"(anonymous_2)","decl":{"start":{"line":6,"column":7},"end":{"line":6,"column":8}},"loc":{"start":{"line":6,"column":17},"end":{"line":6,"column":39}},"line":6},"3":{"name":"(anonymous_3)","decl":{"start":{"line":9,"column":20},"end":{"line":9,"column":21}},"loc":{"start":{"line":9,"column":49},"end":{"line":16,"column":11}},"line":9},"4":{"name":"(anonymous_4)","decl":{"start":{"line":11,"column":4},"end":{"line":11,"column":5}},"loc":{"start":{"line":11,"column":14},"end":{"line":12,"column":40}},"line":11},"5":{"name":"(anonymous_5)","decl":{"start":{"line":15,"column":7},"end":{"line":15,"column":8}},"loc":{"start":{"line":15,"column":17},"end":{"line":15,"column":39}},"line":15},"6":{"name":"(anonymous_6)","decl":{"start":{"line":18,"column":21},"end":{"line":18,"column":22}},"loc":{"start":{"line":18,"column":51},"end":{"line":20,"column":38}},"line":18},"7":{"name":"(anonymous_7)","decl":{"start":{"line":22,"column":18},"end":{"line":22,"column":19}},"loc":{"start":{"line":22,"column":34},"end":{"line":27,"column":1}},"line":22},"8":{"name":"(anonymous_8)","decl":{"start":{"line":29,"column":18},"end":{"line":29,"column":19}},"loc":{"start":{"line":29,"column":54},"end":{"line":29,"column":104}},"line":29}},"branchMap":{"0":{"loc":{"start":{"line":18,"column":51},"end":{"line":20,"column":38}},"type":"cond-expr","locations":[{"start":{"line":19,"column":4},"end":{"line":19,"column":40}},{"start":{"line":20,"column":4},"end":{"line":20,"column":38}}],"line":18},"1":{"loc":{"start":{"line":23,"column":2},"end":{"line":25,"column":3}},"type":"if","locations":[{"start":{"line":23,"column":2},"end":{"line":25,"column":3}},{"start":{"line":23,"column":2},"end":{"line":25,"column":3}}],"line":23},"2":{"loc":{"start":{"line":29,"column":54},"end":{"line":29,"column":104}},"type":"cond-expr","locations":[{"start":{"line":29,"column":83},"end":{"line":29,"column":85}},{"start":{"line":29,"column":88},"end":{"line":29,"column":104}}],"line":29}},"s":{"0":1,"1":0,"2":0,"3":0,"4":1,"5":0,"6":0,"7":0,"8":1,"9":0,"10":1,"11":2,"12":1,"13":1,"14":1,"15":0},"f":{"0":0,"1":0,"2":0,"3":0,"4":0,"5":0,"6":0,"7":2,"8":0},"b":{"0":[0,0],"1":[1,1],"2":[0,0]},"_coverageSchema":"1a1c01bbd47fc00a2c39e90264f33305004495a9","hash":"f2fd3b94f547736853dfce5fbb95f7c17113a6de"}
,"C:\\Users\\aurasjobs\\Desktop\\Microverse\\microverse-js-todolist\\src\\view_helpers\\todoItem.js": {"path":"C:\\Users\\aurasjobs\\Desktop\\Microverse\\microverse-js-todolist\\src\\view_helpers\\todoItem.js","statementMap":{"0":{"start":{"line":3,"column":20},"end":{"line":3,"column":112}},"1":{"start":{"line":3,"column":34},"end":{"line":3,"column":111}},"2":{"start":{"line":5,"column":25},"end":{"line":11,"column":1}},"3":{"start":{"line":6,"column":2},"end":{"line":10,"column":3}},"4":{"start":{"line":7,"column":4},"end":{"line":7,"column":54}},"5":{"start":{"line":8,"column":9},"end":{"line":10,"column":3}},"6":{"start":{"line":9,"column":4},"end":{"line":9,"column":51}}},"fnMap":{"0":{"name":"(anonymous_0)","decl":{"start":{"line":3,"column":20},"end":{"line":3,"column":21}},"loc":{"start":{"line":3,"column":34},"end":{"line":3,"column":111}},"line":3},"1":{"name":"(anonymous_1)","decl":{"start":{"line":5,"column":25},"end":{"line":5,"column":26}},"loc":{"start":{"line":5,"column":48},"end":{"line":11,"column":1}},"line":5}},"branchMap":{"0":{"loc":{"start":{"line":3,"column":34},"end":{"line":3,"column":111}},"type":"cond-expr","locations":[{"start":{"line":3,"column":44},"end":{"line":3,"column":106}},{"start":{"line":3,"column":109},"end":{"line":3,"column":111}}],"line":3},"1":{"loc":{"start":{"line":6,"column":2},"end":{"line":10,"column":3}},"type":"if","locations":[{"start":{"line":6,"column":2},"end":{"line":10,"column":3}},{"start":{"line":6,"column":2},"end":{"line":10,"column":3}}],"line":6},"2":{"loc":{"start":{"line":8,"column":9},"end":{"line":10,"column":3}},"type":"if","locations":[{"start":{"line":8,"column":9},"end":{"line":10,"column":3}},{"start":{"line":8,"column":9},"end":{"line":10,"column":3}}],"line":8}},"s":{"0":1,"1":0,"2":1,"3":3,"4":2,"5":1,"6":1},"f":{"0":0,"1":3},"b":{"0":[0,0],"1":[2,1],"2":[1,0]},"_coverageSchema":"1a1c01bbd47fc00a2c39e90264f33305004495a9","hash":"54c1ac2739b0bb80a35ae9fce2c4314b70cc2f43"}
,"C:\\Users\\aurasjobs\\Desktop\\Microverse\\microverse-js-todolist\\src\\view_helpers\\utils.js": {"path":"C:\\Users\\aurasjobs\\Desktop\\Microverse\\microverse-js-todolist\\src\\view_helpers\\utils.js","statementMap":{"0":{"start":{"line":3,"column":20},"end":{"line":5,"column":46}},"1":{"start":{"line":3,"column":42},"end":{"line":5,"column":45}},"2":{"start":{"line":7,"column":21},"end":{"line":7,"column":71}},"3":{"start":{"line":7,"column":52},"end":{"line":7,"column":71}},"4":{"start":{"line":8,"column":18},"end":{"line":8,"column":70}},"5":{"start":{"line":8,"column":48},"end":{"line":8,"column":69}},"6":{"start":{"line":10,"column":19},"end":{"line":10,"column":82}},"7":{"start":{"line":10,"column":43},"end":{"line":10,"column":81}},"8":{"start":{"line":12,"column":23},"end":{"line":12,"column":96}},"9":{"start":{"line":12,"column":53},"end":{"line":12,"column":95}}},"fnMap":{"0":{"name":"(anonymous_0)","decl":{"start":{"line":3,"column":20},"end":{"line":3,"column":21}},"loc":{"start":{"line":3,"column":42},"end":{"line":5,"column":45}},"line":3},"1":{"name":"(anonymous_1)","decl":{"start":{"line":7,"column":21},"end":{"line":7,"column":22}},"loc":{"start":{"line":7,"column":52},"end":{"line":7,"column":71}},"line":7},"2":{"name":"(anonymous_2)","decl":{"start":{"line":8,"column":18},"end":{"line":8,"column":19}},"loc":{"start":{"line":8,"column":48},"end":{"line":8,"column":69}},"line":8},"3":{"name":"(anonymous_3)","decl":{"start":{"line":10,"column":19},"end":{"line":10,"column":20}},"loc":{"start":{"line":10,"column":43},"end":{"line":10,"column":81}},"line":10},"4":{"name":"(anonymous_4)","decl":{"start":{"line":12,"column":23},"end":{"line":12,"column":24}},"loc":{"start":{"line":12,"column":53},"end":{"line":12,"column":95}},"line":12}},"branchMap":{"0":{"loc":{"start":{"line":3,"column":21},"end":{"line":3,"column":36}},"type":"default-arg","locations":[{"start":{"line":3,"column":31},"end":{"line":3,"column":36}}],"line":3},"1":{"loc":{"start":{"line":3,"column":42},"end":{"line":5,"column":45}},"type":"cond-expr","locations":[{"start":{"line":4,"column":4},"end":{"line":4,"column":40}},{"start":{"line":5,"column":4},"end":{"line":5,"column":45}}],"line":3},"2":{"loc":{"start":{"line":7,"column":22},"end":{"line":7,"column":41}},"type":"default-arg","locations":[{"start":{"line":7,"column":36},"end":{"line":7,"column":41}}],"line":7},"3":{"loc":{"start":{"line":7,"column":52},"end":{"line":7,"column":71}},"type":"binary-expr","locations":[{"start":{"line":7,"column":52},"end":{"line":7,"column":63}},{"start":{"line":7,"column":67},"end":{"line":7,"column":71}}],"line":7},"4":{"loc":{"start":{"line":8,"column":19},"end":{"line":8,"column":36}},"type":"default-arg","locations":[{"start":{"line":8,"column":31},"end":{"line":8,"column":36}}],"line":8},"5":{"loc":{"start":{"line":8,"column":48},"end":{"line":8,"column":69}},"type":"cond-expr","locations":[{"start":{"line":8,"column":60},"end":{"line":8,"column":64}},{"start":{"line":8,"column":67},"end":{"line":8,"column":69}}],"line":8},"6":{"loc":{"start":{"line":10,"column":43},"end":{"line":10,"column":81}},"type":"cond-expr","locations":[{"start":{"line":10,"column":66},"end":{"line":10,"column":76}},{"start":{"line":10,"column":79},"end":{"line":10,"column":81}}],"line":10},"7":{"loc":{"start":{"line":12,"column":53},"end":{"line":12,"column":95}},"type":"cond-expr","locations":[{"start":{"line":12,"column":82},"end":{"line":12,"column":90}},{"start":{"line":12,"column":93},"end":{"line":12,"column":95}}],"line":12}},"s":{"0":1,"1":2,"2":1,"3":2,"4":1,"5":2,"6":1,"7":2,"8":1,"9":2},"f":{"0":2,"1":2,"2":2,"3":2,"4":2},"b":{"0":[1],"1":[1,1],"2":[0],"3":[2,1],"4":[0],"5":[1,1],"6":[1,1],"7":[1,1]},"_coverageSchema":"1a1c01bbd47fc00a2c39e90264f33305004495a9","hash":"81427edaa312ddc9f57865dd0676cddaa7e98265"}
}
