TN:
SF:src\state.js
FN:3,(anonymous_0)
FN:19,(anonymous_1)
FN:22,(anonymous_2)
FN:34,(anonymous_3)
FN:42,(anonymous_4)
FN:54,(anonymous_5)
FN:57,(anonymous_6)
FN:69,(anonymous_7)
FN:72,(anonymous_8)
FN:73,(anonymous_9)
FN:74,(anonymous_10)
FN:86,(anonymous_11)
FN:89,(anonymous_12)
FNF:13
FNH:13
FNDA:2,(anonymous_0)
FNDA:3,(anonymous_1)
FNDA:6,(anonymous_2)
FNDA:5,(anonymous_3)
FNDA:5,(anonymous_4)
FNDA:3,(anonymous_5)
FNDA:3,(anonymous_6)
FNDA:3,(anonymous_7)
FNDA:3,(anonymous_8)
FNDA:3,(anonymous_9)
FNDA:3,(anonymous_10)
FNDA:6,(anonymous_11)
FNDA:6,(anonymous_12)
DA:3,1
DA:4,2
DA:16,2
DA:19,1
DA:20,3
DA:22,6
DA:23,0
DA:29,3
DA:31,3
DA:34,1
DA:35,5
DA:36,5
DA:42,5
DA:43,5
DA:44,5
DA:46,5
DA:49,5
DA:51,5
DA:54,1
DA:55,3
DA:57,3
DA:58,3
DA:59,3
DA:61,3
DA:64,3
DA:66,3
DA:69,1
DA:70,3
DA:72,3
DA:73,3
DA:74,3
DA:75,3
DA:76,3
DA:78,3
DA:81,3
DA:83,3
DA:86,1
DA:87,6
DA:89,6
DA:90,6
DA:91,6
DA:93,6
DA:96,6
DA:98,6
LF:44
LH:43
BRDA:4,0,0,1
BRDA:4,0,1,1
BRDA:22,1,0,0
BRDA:22,1,1,3
BRDA:43,2,0,5
BRDA:43,2,1,0
BRDA:58,3,0,3
BRDA:58,3,1,0
BRDA:75,4,0,3
BRDA:75,4,1,0
BRDA:90,5,0,6
BRDA:90,5,1,0
BRF:12
BRH:7
end_of_record
TN:
SF:src\view_helpers\aside.js
FN:3,(anonymous_0)
FN:3,(anonymous_1)
FN:4,(anonymous_2)
FN:4,(anonymous_3)
FN:5,(anonymous_4)
FN:6,(anonymous_5)
FN:8,(anonymous_6)
FN:10,(anonymous_7)
FN:10,(anonymous_8)
FNF:9
FNH:7
FNDA:2,(anonymous_0)
FNDA:3,(anonymous_1)
FNDA:2,(anonymous_2)
FNDA:3,(anonymous_3)
FNDA:2,(anonymous_4)
FNDA:6,(anonymous_5)
FNDA:2,(anonymous_6)
FNDA:0,(anonymous_7)
FNDA:0,(anonymous_8)
DA:3,3
DA:4,3
DA:5,2
DA:6,6
DA:8,2
DA:10,1
LF:6
LH:6
BRDA:3,0,0,1
BRDA:4,1,0,1
BRDA:5,2,0,0
BRDA:8,3,0,1
BRDA:8,3,1,1
BRDA:10,4,0,0
BRF:6
BRH:4
end_of_record
TN:
SF:src\view_helpers\main.js
FN:3,(anonymous_0)
FN:4,(anonymous_1)
FN:6,(anonymous_2)
FN:9,(anonymous_3)
FN:11,(anonymous_4)
FN:15,(anonymous_5)
FN:18,(anonymous_6)
FN:22,(anonymous_7)
FN:29,(anonymous_8)
FNF:9
FNH:1
FNDA:0,(anonymous_0)
FNDA:0,(anonymous_1)
FNDA:0,(anonymous_2)
FNDA:0,(anonymous_3)
FNDA:0,(anonymous_4)
FNDA:0,(anonymous_5)
FNDA:0,(anonymous_6)
FNDA:2,(anonymous_7)
FNDA:0,(anonymous_8)
DA:3,1
DA:4,0
DA:6,0
DA:9,1
DA:11,0
DA:15,0
DA:18,1
DA:22,1
DA:23,2
DA:24,1
DA:26,1
DA:29,1
LF:12
LH:8
BRDA:18,0,0,0
BRDA:18,0,1,0
BRDA:23,1,0,1
BRDA:23,1,1,1
BRDA:29,2,0,0
BRDA:29,2,1,0
BRF:6
BRH:2
end_of_record
TN:
SF:src\view_helpers\todoItem.js
FN:3,(anonymous_0)
FN:5,(anonymous_1)
FNF:2
FNH:1
FNDA:0,(anonymous_0)
FNDA:3,(anonymous_1)
DA:3,1
DA:5,1
DA:6,3
DA:7,2
DA:8,1
DA:9,1
LF:6
LH:6
BRDA:3,0,0,0
BRDA:3,0,1,0
BRDA:6,1,0,2
BRDA:6,1,1,1
BRDA:8,2,0,1
BRDA:8,2,1,0
BRF:6
BRH:3
end_of_record
TN:
SF:src\view_helpers\utils.js
FN:3,(anonymous_0)
FN:7,(anonymous_1)
FN:8,(anonymous_2)
FN:10,(anonymous_3)
FN:12,(anonymous_4)
FNF:5
FNH:5
FNDA:2,(anonymous_0)
FNDA:2,(anonymous_1)
FNDA:2,(anonymous_2)
FNDA:2,(anonymous_3)
FNDA:2,(anonymous_4)
DA:3,2
DA:7,2
DA:8,2
DA:10,2
DA:12,2
LF:5
LH:5
BRDA:3,0,0,1
BRDA:3,1,0,1
BRDA:3,1,1,1
BRDA:7,2,0,0
BRDA:7,3,0,2
BRDA:7,3,1,1
BRDA:8,4,0,0
BRDA:8,5,0,1
BRDA:8,5,1,1
BRDA:10,6,0,1
BRDA:10,6,1,1
BRDA:12,7,0,1
BRDA:12,7,1,1
BRF:13
BRH:11
end_of_record
